<?xml version="1.0" encoding="UTF-8"?>
<!-- Generated by org.testng.reporters.JUnitReportReporter -->
<testsuite skipped="0" hostname="hp" name="firstproject.tests.ValidateHomePageNavigationBar" tests="1" failures="0" timestamp="25 Aug 2020 08:12:42 GMT" time="0.118" errors="0">
  <testcase name="validateHomePageNavigationBar" time="0.118" classname="firstproject.tests.ValidateHomePageNavigationBar"/>
</testsuite> <!-- firstproject.tests.ValidateHomePageNavigationBar -->
