<?xml version="1.0" encoding="UTF-8"?>
<!-- Generated by org.testng.reporters.JUnitReportReporter -->
<testsuite skipped="0" hostname="hp" name="firstproject.tests.LoginTest" tests="6" failures="0" timestamp="25 Aug 2020 08:12:43 GMT" time="21.521" errors="0">
  <testcase name="loginTest" time="2.867" classname="firstproject.tests.LoginTest"/>
  <testcase name="loginTest" time="2.889" classname="firstproject.tests.LoginTest"/>
  <testcase name="loginTest" time="6.402" classname="firstproject.tests.LoginTest"/>
  <testcase name="loginTest" time="3.252" classname="firstproject.tests.LoginTest"/>
  <testcase name="loginTest" time="3.084" classname="firstproject.tests.LoginTest"/>
  <testcase name="loginTest" time="3.027" classname="firstproject.tests.LoginTest"/>
</testsuite> <!-- firstproject.tests.LoginTest -->
