<?xml version="1.0" encoding="UTF-8"?>
<!-- Generated by org.testng.reporters.JUnitReportReporter -->
<testsuite skipped="0" hostname="hp" name="firstproject.tests.ValidateHomePageTitle" tests="1" failures="0" timestamp="21 Aug 2020 19:32:09 GMT" time="0.086" errors="0">
  <testcase name="validateTitle" time="0.086" classname="firstproject.tests.ValidateHomePageTitle"/>
</testsuite> <!-- firstproject.tests.ValidateHomePageTitle -->
