<?xml version="1.0" encoding="UTF-8"?>
<!-- Generated by org.testng.reporters.JUnitReportReporter -->
<testsuite skipped="0" hostname="hp" name="firstproject.tests.ValidateHomePageNavigationBar" tests="1" failures="0" timestamp="20 Aug 2020 02:07:16 GMT" time="0.177" errors="0">
  <testcase name="validateTitle" time="0.177" classname="firstproject.tests.ValidateHomePageNavigationBar"/>
</testsuite> <!-- firstproject.tests.ValidateHomePageNavigationBar -->
