<?xml version="1.0" encoding="UTF-8"?>
<!-- Generated by org.testng.reporters.JUnitReportReporter -->
<testsuite skipped="0" hostname="hp" name="firstproject.tests.LoginTest" tests="6" failures="0" timestamp="21 Aug 2020 16:17:32 GMT" time="21.683" errors="0">
  <testcase name="homePage" time="2.849" classname="firstproject.tests.LoginTest"/>
  <testcase name="homePage" time="3.341" classname="firstproject.tests.LoginTest"/>
  <testcase name="homePage" time="3.641" classname="firstproject.tests.LoginTest"/>
  <testcase name="homePage" time="2.738" classname="firstproject.tests.LoginTest"/>
  <testcase name="homePage" time="3.104" classname="firstproject.tests.LoginTest"/>
  <testcase name="homePage" time="6.010" classname="firstproject.tests.LoginTest"/>
</testsuite> <!-- firstproject.tests.LoginTest -->
