<?xml version="1.0" encoding="UTF-8"?>
<!-- Generated by org.testng.reporters.JUnitReportReporter -->
<testsuite skipped="0" hostname="hp" name="firstproject.tests.ValidateHomePageTitle" tests="1" failures="0" timestamp="25 Aug 2020 08:12:43 GMT" time="0.082" errors="0">
  <testcase name="validateHomePageTitle" time="0.082" classname="firstproject.tests.ValidateHomePageTitle"/>
</testsuite> <!-- firstproject.tests.ValidateHomePageTitle -->
