<?xml version="1.0" encoding="UTF-8"?>
<!-- Generated by org.testng.reporters.JUnitReportReporter -->
<testsuite skipped="0" hostname="hp" name="firstproject.HomePage" tests="1" failures="0" timestamp="17 Aug 2020 19:46:41 GMT" time="9.373" errors="0">
  <testcase name="homePage" time="9.373" classname="firstproject.HomePage"/>
</testsuite> <!-- firstproject.HomePage -->
